<?xml version="1.0" encoding="UTF-8"?>
<!-- Generated by org.testng.reporters.JUnitReportReporter -->
<testsuite hostname="INMAAWNE5953491" name="com.application.testMethods.Home" tests="2" failures="0" timestamp="8 Jul 2020 11:27:12 GMT" time="10.042" errors="0">
  <testcase name="homePageTest" time="5.023" classname="com.application.testMethods.Home"/>
  <testcase name="homePageTest" time="5.019" classname="com.application.testMethods.Home"/>
</testsuite> <!-- com.application.testMethods.Home -->
