<?xml version="1.0" encoding="UTF-8"?>
<!-- Generated by org.testng.reporters.JUnitReportReporter -->
<testsuite hostname="INMAAWNE5953491" name="com.application.testMethods.Login" tests="1" failures="0" timestamp="13 Jul 2020 11:17:50 GMT" time="11.840" errors="0">
  <testcase name="loginApplication" time="11.840" classname="com.application.testMethods.Login"/>
</testsuite> <!-- com.application.testMethods.Login -->
