<?xml version="1.0" encoding="UTF-8"?>
<!-- Generated by org.testng.reporters.JUnitReportReporter -->
<testsuite hostname="INMAAWNE5953491" name="com.framework.selenium.TestNG.main.TestNGMethods" tests="1" failures="0" timestamp="8 Jul 2020 11:45:00 GMT" time="2.809" errors="0">
  <testcase name="test" time="2.809" classname="com.framework.selenium.TestNG.main.TestNGMethods"/>
</testsuite> <!-- com.framework.selenium.TestNG.main.TestNGMethods -->
