<?xml version="1.0" encoding="UTF-8"?>
<!-- Generated by org.testng.reporters.JUnitReportReporter -->
<testsuite hostname="INMAAWNE5953491" name="com.application.testMethods.Login" tests="1" failures="0" timestamp="7 Jul 2020 14:38:52 GMT" time="21.774" errors="0">
  <testcase name="loginApplication" time="21.774" classname="com.application.testMethods.Login"/>
</testsuite> <!-- com.application.testMethods.Login -->
